<?xml version="1.0" encoding="UTF-8"?>
<testsuite name="at.crowdware.sms.ScriptEngineTest" tests="18" skipped="0" failures="2" errors="0" timestamp="2025-10-20T20:33:10" hostname="Mac.fritz.box" time="0.006">
  <properties/>
  <testcase name="testBasicArithmetic[js, browser, ChromeHeadless141.0.0.0, MacOS10.15.7]" classname="at.crowdware.sms.ScriptEngineTest" time="0.001"/>
  <testcase name="testVariables[js, browser, ChromeHeadless141.0.0.0, MacOS10.15.7]" classname="at.crowdware.sms.ScriptEngineTest" time="0.0"/>
  <testcase name="testFunctions[js, browser, ChromeHeadless141.0.0.0, MacOS10.15.7]" classname="at.crowdware.sms.ScriptEngineTest" time="0.0"/>
  <testcase name="testArrays[js, browser, ChromeHeadless141.0.0.0, MacOS10.15.7]" classname="at.crowdware.sms.ScriptEngineTest" time="0.0"/>
  <testcase name="testNativeFunctions[js, browser, ChromeHeadless141.0.0.0, MacOS10.15.7]" classname="at.crowdware.sms.ScriptEngineTest" time="0.0"/>
  <testcase name="testKotlinFunction[js, browser, ChromeHeadless141.0.0.0, MacOS10.15.7]" classname="at.crowdware.sms.ScriptEngineTest" time="0.0"/>
  <testcase name="testControlFlow[js, browser, ChromeHeadless141.0.0.0, MacOS10.15.7]" classname="at.crowdware.sms.ScriptEngineTest" time="0.0"/>
  <testcase name="testLoops[js, browser, ChromeHeadless141.0.0.0, MacOS10.15.7]" classname="at.crowdware.sms.ScriptEngineTest" time="0.001"/>
  <testcase name="testForInLoop[js, browser, ChromeHeadless141.0.0.0, MacOS10.15.7]" classname="at.crowdware.sms.ScriptEngineTest" time="0.001"/>
  <testcase name="testSyntaxError[js, browser, ChromeHeadless141.0.0.0, MacOS10.15.7]" classname="at.crowdware.sms.ScriptEngineTest" time="0.0"/>
  <testcase name="testRuntimeError[js, browser, ChromeHeadless141.0.0.0, MacOS10.15.7]" classname="at.crowdware.sms.ScriptEngineTest" time="0.0"/>
  <testcase name="testSyntaxValidation[js, browser, ChromeHeadless141.0.0.0, MacOS10.15.7]" classname="at.crowdware.sms.ScriptEngineTest" time="0.0"/>
  <testcase name="testSMSUtility[js, browser, ChromeHeadless141.0.0.0, MacOS10.15.7]" classname="at.crowdware.sms.ScriptEngineTest" time="0.0"/>
  <testcase name="testStringInterpolation[js, browser, ChromeHeadless141.0.0.0, MacOS10.15.7]" classname="at.crowdware.sms.ScriptEngineTest" time="0.0"/>
  <testcase name="testStandardLibrary[js, browser, ChromeHeadless141.0.0.0, MacOS10.15.7]" classname="at.crowdware.sms.ScriptEngineTest" time="0.0"/>
  <testcase name="testBlockComments[js, browser, ChromeHeadless141.0.0.0, MacOS10.15.7]" classname="at.crowdware.sms.ScriptEngineTest" time="0.001">
    <failure message="LexError: Error at line 2, column 43: Unexpected character ' '" type="LexError">LexError: Error at line 2, column 43: Unexpected character ' '
	at &lt;global&gt;.nextToken(/Users/art/SourceCode/sms/src/commonMain/kotlin/at/crowdware/sms/lexer/Lexer.kt:136)
	at &lt;global&gt;.nextToken(/Users/art/SourceCode/sms/src/commonMain/kotlin/at/crowdware/sms/lexer/Lexer.kt:75)
	at protoOf.tokenize_i964w5(/Users/art/SourceCode/sms/src/commonMain/kotlin/at/crowdware/sms/lexer/Lexer.kt:25)
	at protoOf.execute_bmqzmt(/Users/art/SourceCode/sms/src/commonMain/kotlin/at/crowdware/sms/ScriptEngine.kt:47)
	at protoOf.executeAndGetKotlin_7oi3xh(/Users/art/SourceCode/sms/src/commonMain/kotlin/at/crowdware/sms/ScriptEngine.kt:70)
	at protoOf.testBlockComments_4dj0rl(/Users/art/SourceCode/sms/src/commonTest/kotlin/at/crowdware/sms/ScriptEngineTest.kt:254)
	at &lt;global&gt;.test_fun$ScriptEngineTest_test_fun$testBlockComments_test_fun_m7vow7(sms-test.4076631873.js:18021)
	at Context.&lt;anonymous&gt;(/Users/art/SourceCode/sms/build/js/packages/src/KotlinTestTeamCityConsoleAdapter.ts:70)
</failure>
  </testcase>
  <testcase name="testUnterminatedBlockComment[js, browser, ChromeHeadless141.0.0.0, MacOS10.15.7]" classname="at.crowdware.sms.ScriptEngineTest" time="0.001"/>
  <testcase name="testDoubleRejectError[js, browser, ChromeHeadless141.0.0.0, MacOS10.15.7]" classname="at.crowdware.sms.ScriptEngineTest" time="0.0">
    <failure message="ParseError: Error at line 1, column 11: Expected expression" type="ParseError">ParseError: Error at line 1, column 11: Expected expression
	at &lt;global&gt;.primary(/Users/art/SourceCode/sms/src/commonMain/kotlin/at/crowdware/sms/parser/Parser.kt:399)
	at &lt;global&gt;.call(/Users/art/SourceCode/sms/src/commonMain/kotlin/at/crowdware/sms/parser/Parser.kt:324)
	at &lt;global&gt;.postfix(/Users/art/SourceCode/sms/src/commonMain/kotlin/at/crowdware/sms/parser/Parser.kt:313)
	at &lt;global&gt;.unary(/Users/art/SourceCode/sms/src/commonMain/kotlin/at/crowdware/sms/parser/Parser.kt:309)
	at &lt;global&gt;.factor(/Users/art/SourceCode/sms/src/commonMain/kotlin/at/crowdware/sms/parser/Parser.kt:291)
	at &lt;global&gt;.term(/Users/art/SourceCode/sms/src/commonMain/kotlin/at/crowdware/sms/parser/Parser.kt:279)
	at &lt;global&gt;.comparison(/Users/art/SourceCode/sms/src/commonMain/kotlin/at/crowdware/sms/parser/Parser.kt:267)
	at &lt;global&gt;.equality(/Users/art/SourceCode/sms/src/commonMain/kotlin/at/crowdware/sms/parser/Parser.kt:255)
	at &lt;global&gt;.and(/Users/art/SourceCode/sms/src/commonMain/kotlin/at/crowdware/sms/parser/Parser.kt:243)
	at &lt;global&gt;.or(/Users/art/SourceCode/sms/src/commonMain/kotlin/at/crowdware/sms/parser/Parser.kt:231)
</failure>
  </testcase>
  <system-out><![CDATA[]]></system-out>
  <system-err><![CDATA[]]></system-err>
</testsuite>
